<?xml version="1.0" encoding="UTF-8"?>
<!-- Generated by org.testng.reporters.JUnitXMLReporter -->
<testsuite hostname="Ashwini-PC" ignored="0" name="Test" tests="4" failures="0" timestamp="24 Apr 2020 03:06:05 GMT" time="0.539" errors="0">
  <testcase name="IOSApps" time="0.119" classname="qaclickacademy.AppiumTest"/>
  <testcase name="NativeAppAndroid" time="0.011" classname="qaclickacademy.AppiumTest"/>
  <testcase name="deleteTwitter" time="0.004" classname="qaclickacademy.RESTAPITest"/>
  <testcase name="postJira" time="0.003" classname="qaclickacademy.RESTAPITest"/>
</testsuite> <!-- Test -->
